{"C:\\Users\\dhruv\\Desktop\\T07-CS305\\server\\index.js": {"path":"C:\\Users\\dhruv\\Desktop\\T07-CS305\\server\\index.js","statementMap":{"0":{"start":{"line":1,"column":16},"end":{"line":1,"column":34}},"1":{"start":{"line":2,"column":13},"end":{"line":2,"column":28}},"2":{"start":{"line":3,"column":15},"end":{"line":3,"column":32}},"3":{"start":{"line":4,"column":18},"end":{"line":4,"column":47}},"4":{"start":{"line":5,"column":21},"end":{"line":5,"column":53}},"5":{"start":{"line":6,"column":17},"end":{"line":6,"column":36}},"6":{"start":{"line":8,"column":12},"end":{"line":8,"column":21}},"7":{"start":{"line":9,"column":0},"end":{"line":9,"column":16}},"8":{"start":{"line":11,"column":0},"end":{"line":11,"column":16}},"9":{"start":{"line":12,"column":0},"end":{"line":12,"column":24}},"10":{"start":{"line":14,"column":0},"end":{"line":14,"column":24}},"11":{"start":{"line":16,"column":13},"end":{"line":16,"column":37}},"12":{"start":{"line":18,"column":0},"end":{"line":18,"column":28}},"13":{"start":{"line":19,"column":0},"end":{"line":19,"column":36}},"14":{"start":{"line":21,"column":0},"end":{"line":30,"column":5}},"15":{"start":{"line":23,"column":14},"end":{"line":23,"column":50}},"16":{"start":{"line":25,"column":4},"end":{"line":29,"column":5}},"17":{"start":{"line":26,"column":6},"end":{"line":28,"column":9}},"18":{"start":{"line":27,"column":8},"end":{"line":27,"column":53}},"19":{"start":{"line":32,"column":0},"end":{"line":32,"column":21}}},"fnMap":{"0":{"name":"(anonymous_0)","decl":{"start":{"line":23,"column":8},"end":{"line":23,"column":9}},"loc":{"start":{"line":23,"column":14},"end":{"line":23,"column":50}},"line":23},"1":{"name":"(anonymous_1)","decl":{"start":{"line":24,"column":8},"end":{"line":24,"column":9}},"loc":{"start":{"line":24,"column":14},"end":{"line":30,"column":3}},"line":24},"2":{"name":"(anonymous_2)","decl":{"start":{"line":26,"column":23},"end":{"line":26,"column":24}},"loc":{"start":{"line":26,"column":29},"end":{"line":28,"column":7}},"line":26}},"branchMap":{"0":{"loc":{"start":{"line":16,"column":13},"end":{"line":16,"column":37}},"type":"binary-expr","locations":[{"start":{"line":16,"column":13},"end":{"line":16,"column":29}},{"start":{"line":16,"column":33},"end":{"line":16,"column":37}}],"line":16},"1":{"loc":{"start":{"line":25,"column":4},"end":{"line":29,"column":5}},"type":"if","locations":[{"start":{"line":25,"column":4},"end":{"line":29,"column":5}},{"start":{},"end":{}}],"line":25}},"s":{"0":3,"1":3,"2":3,"3":3,"4":3,"5":3,"6":3,"7":3,"8":3,"9":3,"10":3,"11":3,"12":3,"13":3,"14":3,"15":3,"16":3,"17":0,"18":0,"19":3},"f":{"0":3,"1":3,"2":0},"b":{"0":[3,3],"1":[0,3]},"_coverageSchema":"1a1c01bbd47fc00a2c39e90264f33305004495a9","hash":"08ade64d70cc6984fea5e0bb37909d286c501769"}
,"C:\\Users\\dhruv\\Desktop\\T07-CS305\\server\\utils.js": {"path":"C:\\Users\\dhruv\\Desktop\\T07-CS305\\server\\utils.js","statementMap":{"0":{"start":{"line":1,"column":19},"end":{"line":1,"column":40}},"1":{"start":{"line":2,"column":15},"end":{"line":2,"column":32}},"2":{"start":{"line":4,"column":0},"end":{"line":4,"column":16}},"3":{"start":{"line":6,"column":20},"end":{"line":12,"column":2}},"4":{"start":{"line":14,"column":0},"end":{"line":14,"column":33}}},"fnMap":{},"branchMap":{},"s":{"0":3,"1":3,"2":3,"3":3,"4":3},"f":{},"b":{},"_coverageSchema":"1a1c01bbd47fc00a2c39e90264f33305004495a9","hash":"5ad4e2adc886f95e6c4f15157532cdc3e19d6e36"}
,"C:\\Users\\dhruv\\Desktop\\T07-CS305\\server\\controllers\\auth.js": {"path":"C:\\Users\\dhruv\\Desktop\\T07-CS305\\server\\controllers\\auth.js","statementMap":{"0":{"start":{"line":1,"column":13},"end":{"line":1,"column":43}},"1":{"start":{"line":2,"column":12},"end":{"line":2,"column":41}},"2":{"start":{"line":3,"column":15},"end":{"line":3,"column":32}},"3":{"start":{"line":4,"column":21},"end":{"line":4,"column":57}},"4":{"start":{"line":6,"column":16},"end":{"line":30,"column":1}},"5":{"start":{"line":7,"column":22},"end":{"line":13,"column":3}},"6":{"start":{"line":8,"column":14},"end":{"line":8,"column":16}},"7":{"start":{"line":9,"column":4},"end":{"line":11,"column":5}},"8":{"start":{"line":9,"column":17},"end":{"line":9,"column":18}},"9":{"start":{"line":10,"column":6},"end":{"line":10,"column":44}},"10":{"start":{"line":12,"column":4},"end":{"line":12,"column":15}},"11":{"start":{"line":14,"column":2},"end":{"line":29,"column":3}},"12":{"start":{"line":15,"column":16},"end":{"line":15,"column":29}},"13":{"start":{"line":16,"column":4},"end":{"line":17,"column":70}},"14":{"start":{"line":17,"column":6},"end":{"line":17,"column":70}},"15":{"start":{"line":19,"column":4},"end":{"line":19,"column":52}},"16":{"start":{"line":21,"column":20},"end":{"line":21,"column":68}},"17":{"start":{"line":22,"column":4},"end":{"line":24,"column":7}},"18":{"start":{"line":25,"column":4},"end":{"line":25,"column":25}},"19":{"start":{"line":27,"column":4},"end":{"line":27,"column":29}},"20":{"start":{"line":28,"column":4},"end":{"line":28,"column":49}},"21":{"start":{"line":32,"column":18},"end":{"line":52,"column":1}},"22":{"start":{"line":33,"column":2},"end":{"line":51,"column":3}},"23":{"start":{"line":34,"column":27},"end":{"line":34,"column":36}},"24":{"start":{"line":36,"column":4},"end":{"line":37,"column":78}},"25":{"start":{"line":37,"column":6},"end":{"line":37,"column":78}},"26":{"start":{"line":38,"column":19},"end":{"line":38,"column":52}},"27":{"start":{"line":40,"column":4},"end":{"line":47,"column":5}},"28":{"start":{"line":41,"column":6},"end":{"line":44,"column":9}},"29":{"start":{"line":46,"column":6},"end":{"line":46,"column":80}},"30":{"start":{"line":49,"column":4},"end":{"line":49,"column":29}},"31":{"start":{"line":50,"column":4},"end":{"line":50,"column":65}},"32":{"start":{"line":54,"column":21},"end":{"line":107,"column":1}},"33":{"start":{"line":55,"column":30},"end":{"line":55,"column":38}},"34":{"start":{"line":56,"column":2},"end":{"line":56,"column":35}},"35":{"start":{"line":57,"column":2},"end":{"line":60,"column":61}},"36":{"start":{"line":58,"column":4},"end":{"line":60,"column":61}},"37":{"start":{"line":61,"column":17},"end":{"line":61,"column":53}},"38":{"start":{"line":63,"column":2},"end":{"line":106,"column":3}},"39":{"start":{"line":64,"column":4},"end":{"line":68,"column":5}},"40":{"start":{"line":65,"column":6},"end":{"line":67,"column":66}},"41":{"start":{"line":71,"column":27},"end":{"line":71,"column":58}},"42":{"start":{"line":74,"column":20},"end":{"line":77,"column":6}},"43":{"start":{"line":79,"column":42},"end":{"line":82,"column":6}},"44":{"start":{"line":84,"column":4},"end":{"line":87,"column":7}},"45":{"start":{"line":89,"column":4},"end":{"line":92,"column":7}},"46":{"start":{"line":94,"column":4},"end":{"line":100,"column":7}},"47":{"start":{"line":102,"column":4},"end":{"line":105,"column":7}},"48":{"start":{"line":109,"column":16},"end":{"line":159,"column":1}},"49":{"start":{"line":111,"column":51},"end":{"line":111,"column":62}},"50":{"start":{"line":114,"column":2},"end":{"line":118,"column":3}},"51":{"start":{"line":115,"column":4},"end":{"line":115,"column":77}},"52":{"start":{"line":117,"column":4},"end":{"line":117,"column":62}},"53":{"start":{"line":120,"column":2},"end":{"line":130,"column":3}},"54":{"start":{"line":121,"column":18},"end":{"line":124,"column":5}},"55":{"start":{"line":125,"column":4},"end":{"line":127,"column":5}},"56":{"start":{"line":126,"column":6},"end":{"line":126,"column":64}},"57":{"start":{"line":129,"column":4},"end":{"line":129,"column":63}},"58":{"start":{"line":132,"column":15},"end":{"line":132,"column":64}},"59":{"start":{"line":133,"column":2},"end":{"line":135,"column":3}},"60":{"start":{"line":134,"column":4},"end":{"line":134,"column":56}},"61":{"start":{"line":137,"column":40},"end":{"line":139,"column":4}},"62":{"start":{"line":142,"column":2},"end":{"line":146,"column":3}},"63":{"start":{"line":143,"column":4},"end":{"line":143,"column":70}},"64":{"start":{"line":145,"column":4},"end":{"line":145,"column":63}},"65":{"start":{"line":148,"column":2},"end":{"line":151,"column":5}},"66":{"start":{"line":153,"column":2},"end":{"line":156,"column":5}},"67":{"start":{"line":158,"column":2},"end":{"line":158,"column":39}},"68":{"start":{"line":161,"column":18},"end":{"line":201,"column":1}},"69":{"start":{"line":162,"column":2},"end":{"line":200,"column":3}},"70":{"start":{"line":163,"column":32},"end":{"line":163,"column":41}},"71":{"start":{"line":165,"column":4},"end":{"line":169,"column":9}},"72":{"start":{"line":166,"column":6},"end":{"line":169,"column":9}},"73":{"start":{"line":171,"column":17},"end":{"line":171,"column":53}},"74":{"start":{"line":172,"column":4},"end":{"line":172,"column":47}},"75":{"start":{"line":173,"column":4},"end":{"line":193,"column":5}},"76":{"start":{"line":174,"column":6},"end":{"line":187,"column":9}},"77":{"start":{"line":175,"column":8},"end":{"line":186,"column":9}},"78":{"start":{"line":176,"column":10},"end":{"line":180,"column":13}},"79":{"start":{"line":182,"column":10},"end":{"line":185,"column":13}},"80":{"start":{"line":189,"column":6},"end":{"line":192,"column":9}},"81":{"start":{"line":195,"column":4},"end":{"line":195,"column":21}},"82":{"start":{"line":196,"column":4},"end":{"line":199,"column":7}},"83":{"start":{"line":203,"column":19},"end":{"line":223,"column":1}},"84":{"start":{"line":204,"column":2},"end":{"line":222,"column":3}},"85":{"start":{"line":205,"column":4},"end":{"line":218,"column":6}},"86":{"start":{"line":209,"column":8},"end":{"line":216,"column":9}},"87":{"start":{"line":210,"column":10},"end":{"line":210,"column":71}},"88":{"start":{"line":212,"column":24},"end":{"line":212,"column":35}},"89":{"start":{"line":213,"column":10},"end":{"line":213,"column":71}},"90":{"start":{"line":215,"column":10},"end":{"line":215,"column":71}},"91":{"start":{"line":220,"column":4},"end":{"line":220,"column":23}},"92":{"start":{"line":221,"column":4},"end":{"line":221,"column":65}},"93":{"start":{"line":225,"column":0},"end":{"line":232,"column":2}}},"fnMap":{"0":{"name":"(anonymous_0)","decl":{"start":{"line":6,"column":16},"end":{"line":6,"column":17}},"loc":{"start":{"line":6,"column":36},"end":{"line":30,"column":1}},"line":6},"1":{"name":"(anonymous_1)","decl":{"start":{"line":7,"column":22},"end":{"line":7,"column":23}},"loc":{"start":{"line":7,"column":28},"end":{"line":13,"column":3}},"line":7},"2":{"name":"(anonymous_2)","decl":{"start":{"line":32,"column":18},"end":{"line":32,"column":19}},"loc":{"start":{"line":32,"column":38},"end":{"line":52,"column":1}},"line":32},"3":{"name":"(anonymous_3)","decl":{"start":{"line":54,"column":21},"end":{"line":54,"column":22}},"loc":{"start":{"line":54,"column":41},"end":{"line":107,"column":1}},"line":54},"4":{"name":"(anonymous_4)","decl":{"start":{"line":109,"column":16},"end":{"line":109,"column":17}},"loc":{"start":{"line":109,"column":36},"end":{"line":159,"column":1}},"line":109},"5":{"name":"(anonymous_5)","decl":{"start":{"line":161,"column":18},"end":{"line":161,"column":19}},"loc":{"start":{"line":161,"column":38},"end":{"line":201,"column":1}},"line":161},"6":{"name":"(anonymous_6)","decl":{"start":{"line":174,"column":46},"end":{"line":174,"column":47}},"loc":{"start":{"line":174,"column":69},"end":{"line":187,"column":7}},"line":174},"7":{"name":"(anonymous_7)","decl":{"start":{"line":203,"column":19},"end":{"line":203,"column":20}},"loc":{"start":{"line":203,"column":39},"end":{"line":223,"column":1}},"line":203},"8":{"name":"(anonymous_8)","decl":{"start":{"line":208,"column":6},"end":{"line":208,"column":7}},"loc":{"start":{"line":208,"column":27},"end":{"line":217,"column":7}},"line":208}},"branchMap":{"0":{"loc":{"start":{"line":16,"column":4},"end":{"line":17,"column":70}},"type":"if","locations":[{"start":{"line":16,"column":4},"end":{"line":17,"column":70}},{"start":{},"end":{}}],"line":16},"1":{"loc":{"start":{"line":36,"column":4},"end":{"line":37,"column":78}},"type":"if","locations":[{"start":{"line":36,"column":4},"end":{"line":37,"column":78}},{"start":{},"end":{}}],"line":36},"2":{"loc":{"start":{"line":36,"column":8},"end":{"line":36,"column":22}},"type":"binary-expr","locations":[{"start":{"line":36,"column":8},"end":{"line":36,"column":14}},{"start":{"line":36,"column":18},"end":{"line":36,"column":22}}],"line":36},"3":{"loc":{"start":{"line":40,"column":4},"end":{"line":47,"column":5}},"type":"if","locations":[{"start":{"line":40,"column":4},"end":{"line":47,"column":5}},{"start":{"line":45,"column":11},"end":{"line":47,"column":5}}],"line":40},"4":{"loc":{"start":{"line":57,"column":2},"end":{"line":60,"column":61}},"type":"if","locations":[{"start":{"line":57,"column":2},"end":{"line":60,"column":61}},{"start":{},"end":{}}],"line":57},"5":{"loc":{"start":{"line":57,"column":6},"end":{"line":57,"column":25}},"type":"binary-expr","locations":[{"start":{"line":57,"column":6},"end":{"line":57,"column":12}},{"start":{"line":57,"column":16},"end":{"line":57,"column":25}}],"line":57},"6":{"loc":{"start":{"line":64,"column":4},"end":{"line":68,"column":5}},"type":"if","locations":[{"start":{"line":64,"column":4},"end":{"line":68,"column":5}},{"start":{},"end":{}}],"line":64},"7":{"loc":{"start":{"line":125,"column":4},"end":{"line":127,"column":5}},"type":"if","locations":[{"start":{"line":125,"column":4},"end":{"line":127,"column":5}},{"start":{},"end":{}}],"line":125},"8":{"loc":{"start":{"line":133,"column":2},"end":{"line":135,"column":3}},"type":"if","locations":[{"start":{"line":133,"column":2},"end":{"line":135,"column":3}},{"start":{},"end":{}}],"line":133},"9":{"loc":{"start":{"line":165,"column":4},"end":{"line":169,"column":9}},"type":"if","locations":[{"start":{"line":165,"column":4},"end":{"line":169,"column":9}},{"start":{},"end":{}}],"line":165},"10":{"loc":{"start":{"line":165,"column":8},"end":{"line":165,"column":27}},"type":"binary-expr","locations":[{"start":{"line":165,"column":8},"end":{"line":165,"column":14}},{"start":{"line":165,"column":18},"end":{"line":165,"column":27}}],"line":165},"11":{"loc":{"start":{"line":173,"column":4},"end":{"line":193,"column":5}},"type":"if","locations":[{"start":{"line":173,"column":4},"end":{"line":193,"column":5}},{"start":{"line":188,"column":11},"end":{"line":193,"column":5}}],"line":173},"12":{"loc":{"start":{"line":175,"column":8},"end":{"line":186,"column":9}},"type":"if","locations":[{"start":{"line":175,"column":8},"end":{"line":186,"column":9}},{"start":{"line":181,"column":15},"end":{"line":186,"column":9}}],"line":175},"13":{"loc":{"start":{"line":209,"column":8},"end":{"line":216,"column":9}},"type":"if","locations":[{"start":{"line":209,"column":8},"end":{"line":216,"column":9}},{"start":{"line":211,"column":15},"end":{"line":216,"column":9}}],"line":209}},"s":{"0":3,"1":3,"2":3,"3":3,"4":3,"5":2,"6":2,"7":2,"8":2,"9":12,"10":2,"11":2,"12":2,"13":2,"14":1,"15":1,"16":1,"17":1,"18":1,"19":0,"20":0,"21":3,"22":0,"23":0,"24":0,"25":0,"26":0,"27":0,"28":0,"29":0,"30":0,"31":0,"32":3,"33":8,"34":8,"35":8,"36":6,"37":2,"38":2,"39":2,"40":1,"41":1,"42":1,"43":0,"44":0,"45":0,"46":0,"47":1,"48":3,"49":0,"50":0,"51":0,"52":0,"53":0,"54":0,"55":0,"56":0,"57":0,"58":0,"59":0,"60":0,"61":0,"62":0,"63":0,"64":0,"65":0,"66":0,"67":0,"68":3,"69":5,"70":5,"71":5,"72":3,"73":2,"74":2,"75":2,"76":1,"77":1,"78":1,"79":0,"80":1,"81":0,"82":0,"83":3,"84":0,"85":0,"86":0,"87":0,"88":0,"89":0,"90":0,"91":0,"92":0,"93":3},"f":{"0":2,"1":2,"2":0,"3":8,"4":0,"5":5,"6":1,"7":0,"8":0},"b":{"0":[1,1],"1":[0,0],"2":[0,0],"3":[0,0],"4":[6,2],"5":[8,4],"6":[1,1],"7":[0,0],"8":[0,0],"9":[3,2],"10":[5,3],"11":[1,1],"12":[1,0],"13":[0,0]},"_coverageSchema":"1a1c01bbd47fc00a2c39e90264f33305004495a9","hash":"38388a2276d720eed099887f74c9ebe1da4abdea"}
,"C:\\Users\\dhruv\\Desktop\\T07-CS305\\server\\controllers\\summary.js": {"path":"C:\\Users\\dhruv\\Desktop\\T07-CS305\\server\\controllers\\summary.js","statementMap":{"0":{"start":{"line":1,"column":16},"end":{"line":1,"column":49}},"1":{"start":{"line":2,"column":13},"end":{"line":2,"column":43}},"2":{"start":{"line":4,"column":28},"end":{"line":30,"column":1}},"3":{"start":{"line":5,"column":4},"end":{"line":29,"column":5}},"4":{"start":{"line":6,"column":28},"end":{"line":6,"column":36}},"5":{"start":{"line":7,"column":8},"end":{"line":7,"column":61}},"6":{"start":{"line":7,"column":22},"end":{"line":7,"column":61}},"7":{"start":{"line":10,"column":21},"end":{"line":10,"column":49}},"8":{"start":{"line":12,"column":8},"end":{"line":14,"column":9}},"9":{"start":{"line":13,"column":12},"end":{"line":13,"column":46}},"10":{"start":{"line":17,"column":27},"end":{"line":17,"column":75}},"11":{"start":{"line":17,"column":57},"end":{"line":17,"column":74}},"12":{"start":{"line":20,"column":26},"end":{"line":20,"column":74}},"13":{"start":{"line":22,"column":8},"end":{"line":22,"column":54}},"14":{"start":{"line":23,"column":8},"end":{"line":23,"column":31}},"15":{"start":{"line":24,"column":8},"end":{"line":24,"column":47}},"16":{"start":{"line":27,"column":8},"end":{"line":27,"column":72}},"17":{"start":{"line":28,"column":8},"end":{"line":28,"column":51}},"18":{"start":{"line":32,"column":26},"end":{"line":62,"column":1}},"19":{"start":{"line":33,"column":4},"end":{"line":61,"column":5}},"20":{"start":{"line":34,"column":38},"end":{"line":34,"column":46}},"21":{"start":{"line":35,"column":8},"end":{"line":35,"column":61}},"22":{"start":{"line":35,"column":22},"end":{"line":35,"column":61}},"23":{"start":{"line":36,"column":8},"end":{"line":36,"column":67}},"24":{"start":{"line":36,"column":25},"end":{"line":36,"column":67}},"25":{"start":{"line":39,"column":21},"end":{"line":39,"column":49}},"26":{"start":{"line":41,"column":8},"end":{"line":44,"column":9}},"27":{"start":{"line":43,"column":12},"end":{"line":43,"column":58}},"28":{"start":{"line":47,"column":27},"end":{"line":49,"column":42}},"29":{"start":{"line":48,"column":27},"end":{"line":48,"column":66}},"30":{"start":{"line":49,"column":24},"end":{"line":49,"column":41}},"31":{"start":{"line":52,"column":26},"end":{"line":52,"column":74}},"32":{"start":{"line":54,"column":8},"end":{"line":54,"column":54}},"33":{"start":{"line":55,"column":8},"end":{"line":55,"column":31}},"34":{"start":{"line":56,"column":8},"end":{"line":56,"column":47}},"35":{"start":{"line":59,"column":8},"end":{"line":59,"column":72}},"36":{"start":{"line":60,"column":8},"end":{"line":60,"column":51}},"37":{"start":{"line":64,"column":28},"end":{"line":93,"column":1}},"38":{"start":{"line":65,"column":4},"end":{"line":92,"column":5}},"39":{"start":{"line":66,"column":28},"end":{"line":66,"column":36}},"40":{"start":{"line":67,"column":8},"end":{"line":67,"column":61}},"41":{"start":{"line":67,"column":22},"end":{"line":67,"column":61}},"42":{"start":{"line":70,"column":21},"end":{"line":70,"column":49}},"43":{"start":{"line":72,"column":8},"end":{"line":75,"column":9}},"44":{"start":{"line":74,"column":12},"end":{"line":74,"column":58}},"45":{"start":{"line":78,"column":27},"end":{"line":80,"column":42}},"46":{"start":{"line":79,"column":27},"end":{"line":79,"column":52}},"47":{"start":{"line":80,"column":24},"end":{"line":80,"column":41}},"48":{"start":{"line":83,"column":26},"end":{"line":83,"column":74}},"49":{"start":{"line":85,"column":8},"end":{"line":85,"column":54}},"50":{"start":{"line":86,"column":8},"end":{"line":86,"column":31}},"51":{"start":{"line":87,"column":8},"end":{"line":87,"column":47}},"52":{"start":{"line":90,"column":8},"end":{"line":90,"column":72}},"53":{"start":{"line":91,"column":8},"end":{"line":91,"column":51}},"54":{"start":{"line":95,"column":29},"end":{"line":130,"column":1}},"55":{"start":{"line":96,"column":4},"end":{"line":129,"column":5}},"56":{"start":{"line":97,"column":38},"end":{"line":97,"column":46}},"57":{"start":{"line":98,"column":8},"end":{"line":98,"column":61}},"58":{"start":{"line":98,"column":22},"end":{"line":98,"column":61}},"59":{"start":{"line":99,"column":8},"end":{"line":99,"column":67}},"60":{"start":{"line":99,"column":25},"end":{"line":99,"column":67}},"61":{"start":{"line":102,"column":21},"end":{"line":102,"column":49}},"62":{"start":{"line":104,"column":8},"end":{"line":107,"column":9}},"63":{"start":{"line":106,"column":12},"end":{"line":106,"column":58}},"64":{"start":{"line":110,"column":29},"end":{"line":110,"column":98}},"65":{"start":{"line":110,"column":65},"end":{"line":110,"column":97}},"66":{"start":{"line":112,"column":8},"end":{"line":114,"column":9}},"67":{"start":{"line":113,"column":12},"end":{"line":113,"column":61}},"68":{"start":{"line":116,"column":30},"end":{"line":116,"column":67}},"69":{"start":{"line":119,"column":8},"end":{"line":119,"column":62}},"70":{"start":{"line":122,"column":8},"end":{"line":122,"column":26}},"71":{"start":{"line":124,"column":8},"end":{"line":124,"column":101}},"72":{"start":{"line":127,"column":8},"end":{"line":127,"column":82}},"73":{"start":{"line":128,"column":8},"end":{"line":128,"column":51}},"74":{"start":{"line":132,"column":21},"end":{"line":175,"column":1}},"75":{"start":{"line":133,"column":4},"end":{"line":174,"column":5}},"76":{"start":{"line":134,"column":49},"end":{"line":134,"column":57}},"77":{"start":{"line":135,"column":8},"end":{"line":135,"column":61}},"78":{"start":{"line":135,"column":22},"end":{"line":135,"column":61}},"79":{"start":{"line":136,"column":8},"end":{"line":136,"column":65}},"80":{"start":{"line":136,"column":23},"end":{"line":136,"column":65}},"81":{"start":{"line":139,"column":21},"end":{"line":139,"column":49}},"82":{"start":{"line":141,"column":8},"end":{"line":144,"column":9}},"83":{"start":{"line":143,"column":12},"end":{"line":143,"column":58}},"84":{"start":{"line":147,"column":27},"end":{"line":152,"column":10}},"85":{"start":{"line":155,"column":29},"end":{"line":155,"column":52}},"86":{"start":{"line":158,"column":33},"end":{"line":161,"column":9}},"87":{"start":{"line":164,"column":8},"end":{"line":164,"column":46}},"88":{"start":{"line":167,"column":8},"end":{"line":167,"column":26}},"89":{"start":{"line":169,"column":8},"end":{"line":169,"column":51}},"90":{"start":{"line":172,"column":8},"end":{"line":172,"column":69}},"91":{"start":{"line":173,"column":8},"end":{"line":173,"column":51}},"92":{"start":{"line":177,"column":0},"end":{"line":183,"column":2}}},"fnMap":{"0":{"name":"(anonymous_0)","decl":{"start":{"line":4,"column":28},"end":{"line":4,"column":29}},"loc":{"start":{"line":4,"column":48},"end":{"line":30,"column":1}},"line":4},"1":{"name":"(anonymous_1)","decl":{"start":{"line":17,"column":46},"end":{"line":17,"column":47}},"loc":{"start":{"line":17,"column":57},"end":{"line":17,"column":74}},"line":17},"2":{"name":"(anonymous_2)","decl":{"start":{"line":32,"column":26},"end":{"line":32,"column":27}},"loc":{"start":{"line":32,"column":46},"end":{"line":62,"column":1}},"line":32},"3":{"name":"(anonymous_3)","decl":{"start":{"line":48,"column":16},"end":{"line":48,"column":17}},"loc":{"start":{"line":48,"column":27},"end":{"line":48,"column":66}},"line":48},"4":{"name":"(anonymous_4)","decl":{"start":{"line":49,"column":13},"end":{"line":49,"column":14}},"loc":{"start":{"line":49,"column":24},"end":{"line":49,"column":41}},"line":49},"5":{"name":"(anonymous_5)","decl":{"start":{"line":64,"column":28},"end":{"line":64,"column":29}},"loc":{"start":{"line":64,"column":48},"end":{"line":93,"column":1}},"line":64},"6":{"name":"(anonymous_6)","decl":{"start":{"line":79,"column":16},"end":{"line":79,"column":17}},"loc":{"start":{"line":79,"column":27},"end":{"line":79,"column":52}},"line":79},"7":{"name":"(anonymous_7)","decl":{"start":{"line":80,"column":13},"end":{"line":80,"column":14}},"loc":{"start":{"line":80,"column":24},"end":{"line":80,"column":41}},"line":80},"8":{"name":"(anonymous_8)","decl":{"start":{"line":95,"column":29},"end":{"line":95,"column":30}},"loc":{"start":{"line":95,"column":48},"end":{"line":130,"column":1}},"line":95},"9":{"name":"(anonymous_9)","decl":{"start":{"line":110,"column":54},"end":{"line":110,"column":55}},"loc":{"start":{"line":110,"column":65},"end":{"line":110,"column":97}},"line":110},"10":{"name":"(anonymous_10)","decl":{"start":{"line":132,"column":21},"end":{"line":132,"column":22}},"loc":{"start":{"line":132,"column":40},"end":{"line":175,"column":1}},"line":132}},"branchMap":{"0":{"loc":{"start":{"line":7,"column":8},"end":{"line":7,"column":61}},"type":"if","locations":[{"start":{"line":7,"column":8},"end":{"line":7,"column":61}},{"start":{},"end":{}}],"line":7},"1":{"loc":{"start":{"line":12,"column":8},"end":{"line":14,"column":9}},"type":"if","locations":[{"start":{"line":12,"column":8},"end":{"line":14,"column":9}},{"start":{},"end":{}}],"line":12},"2":{"loc":{"start":{"line":35,"column":8},"end":{"line":35,"column":61}},"type":"if","locations":[{"start":{"line":35,"column":8},"end":{"line":35,"column":61}},{"start":{},"end":{}}],"line":35},"3":{"loc":{"start":{"line":36,"column":8},"end":{"line":36,"column":67}},"type":"if","locations":[{"start":{"line":36,"column":8},"end":{"line":36,"column":67}},{"start":{},"end":{}}],"line":36},"4":{"loc":{"start":{"line":41,"column":8},"end":{"line":44,"column":9}},"type":"if","locations":[{"start":{"line":41,"column":8},"end":{"line":44,"column":9}},{"start":{},"end":{}}],"line":41},"5":{"loc":{"start":{"line":67,"column":8},"end":{"line":67,"column":61}},"type":"if","locations":[{"start":{"line":67,"column":8},"end":{"line":67,"column":61}},{"start":{},"end":{}}],"line":67},"6":{"loc":{"start":{"line":72,"column":8},"end":{"line":75,"column":9}},"type":"if","locations":[{"start":{"line":72,"column":8},"end":{"line":75,"column":9}},{"start":{},"end":{}}],"line":72},"7":{"loc":{"start":{"line":98,"column":8},"end":{"line":98,"column":61}},"type":"if","locations":[{"start":{"line":98,"column":8},"end":{"line":98,"column":61}},{"start":{},"end":{}}],"line":98},"8":{"loc":{"start":{"line":99,"column":8},"end":{"line":99,"column":67}},"type":"if","locations":[{"start":{"line":99,"column":8},"end":{"line":99,"column":67}},{"start":{},"end":{}}],"line":99},"9":{"loc":{"start":{"line":104,"column":8},"end":{"line":107,"column":9}},"type":"if","locations":[{"start":{"line":104,"column":8},"end":{"line":107,"column":9}},{"start":{},"end":{}}],"line":104},"10":{"loc":{"start":{"line":112,"column":8},"end":{"line":114,"column":9}},"type":"if","locations":[{"start":{"line":112,"column":8},"end":{"line":114,"column":9}},{"start":{},"end":{}}],"line":112},"11":{"loc":{"start":{"line":135,"column":8},"end":{"line":135,"column":61}},"type":"if","locations":[{"start":{"line":135,"column":8},"end":{"line":135,"column":61}},{"start":{},"end":{}}],"line":135},"12":{"loc":{"start":{"line":136,"column":8},"end":{"line":136,"column":65}},"type":"if","locations":[{"start":{"line":136,"column":8},"end":{"line":136,"column":65}},{"start":{},"end":{}}],"line":136},"13":{"loc":{"start":{"line":141,"column":8},"end":{"line":144,"column":9}},"type":"if","locations":[{"start":{"line":141,"column":8},"end":{"line":144,"column":9}},{"start":{},"end":{}}],"line":141}},"s":{"0":3,"1":3,"2":3,"3":1,"4":1,"5":1,"6":1,"7":0,"8":0,"9":0,"10":0,"11":0,"12":0,"13":0,"14":0,"15":0,"16":1,"17":1,"18":3,"19":1,"20":1,"21":1,"22":1,"23":0,"24":0,"25":0,"26":0,"27":0,"28":0,"29":0,"30":0,"31":0,"32":0,"33":0,"34":0,"35":1,"36":1,"37":3,"38":1,"39":1,"40":1,"41":1,"42":0,"43":0,"44":0,"45":0,"46":0,"47":0,"48":0,"49":0,"50":0,"51":0,"52":1,"53":1,"54":3,"55":1,"56":1,"57":1,"58":1,"59":0,"60":0,"61":0,"62":0,"63":0,"64":0,"65":0,"66":0,"67":0,"68":0,"69":0,"70":0,"71":0,"72":1,"73":1,"74":3,"75":1,"76":1,"77":1,"78":1,"79":0,"80":0,"81":0,"82":0,"83":0,"84":0,"85":0,"86":0,"87":0,"88":0,"89":0,"90":1,"91":1,"92":3},"f":{"0":1,"1":0,"2":1,"3":0,"4":0,"5":1,"6":0,"7":0,"8":1,"9":0,"10":1},"b":{"0":[1,0],"1":[0,0],"2":[1,0],"3":[0,0],"4":[0,0],"5":[1,0],"6":[0,0],"7":[1,0],"8":[0,0],"9":[0,0],"10":[0,0],"11":[1,0],"12":[0,0],"13":[0,0]},"_coverageSchema":"1a1c01bbd47fc00a2c39e90264f33305004495a9","hash":"a5d5d17917345b652c0a0e8dd2801ba241e8ecd7"}
,"C:\\Users\\dhruv\\Desktop\\T07-CS305\\server\\models\\UserModel.js": {"path":"C:\\Users\\dhruv\\Desktop\\T07-CS305\\server\\models\\UserModel.js","statementMap":{"0":{"start":{"line":1,"column":17},"end":{"line":1,"column":36}},"1":{"start":{"line":3,"column":19},"end":{"line":29,"column":2}},"2":{"start":{"line":31,"column":0},"end":{"line":31,"column":52}}},"fnMap":{},"branchMap":{},"s":{"0":3,"1":3,"2":3},"f":{},"b":{},"_coverageSchema":"1a1c01bbd47fc00a2c39e90264f33305004495a9","hash":"e59b1ddc3897d26993afff5bb625db6f88ab847f"}
,"C:\\Users\\dhruv\\Desktop\\T07-CS305\\server\\models\\otpModel.js": {"path":"C:\\Users\\dhruv\\Desktop\\T07-CS305\\server\\models\\otpModel.js","statementMap":{"0":{"start":{"line":1,"column":17},"end":{"line":1,"column":36}},"1":{"start":{"line":2,"column":24},"end":{"line":2,"column":46}},"2":{"start":{"line":4,"column":19},"end":{"line":4,"column":27}},"3":{"start":{"line":6,"column":18},"end":{"line":20,"column":2}},"4":{"start":{"line":23,"column":2},"end":{"line":34,"column":3}},"5":{"start":{"line":24,"column":17},"end":{"line":29,"column":6}},"6":{"start":{"line":30,"column":4},"end":{"line":30,"column":48}},"7":{"start":{"line":32,"column":4},"end":{"line":32,"column":63}},"8":{"start":{"line":33,"column":4},"end":{"line":33,"column":16}},"9":{"start":{"line":37,"column":0},"end":{"line":44,"column":3}},"10":{"start":{"line":38,"column":2},"end":{"line":38,"column":43}},"11":{"start":{"line":40,"column":2},"end":{"line":42,"column":3}},"12":{"start":{"line":41,"column":4},"end":{"line":41,"column":54}},"13":{"start":{"line":43,"column":2},"end":{"line":43,"column":9}},"14":{"start":{"line":46,"column":0},"end":{"line":46,"column":50}}},"fnMap":{"0":{"name":"sendVerificationEmail","decl":{"start":{"line":22,"column":15},"end":{"line":22,"column":36}},"loc":{"start":{"line":22,"column":49},"end":{"line":35,"column":1}},"line":22},"1":{"name":"(anonymous_1)","decl":{"start":{"line":37,"column":22},"end":{"line":37,"column":23}},"loc":{"start":{"line":37,"column":44},"end":{"line":44,"column":1}},"line":37}},"branchMap":{"0":{"loc":{"start":{"line":40,"column":2},"end":{"line":42,"column":3}},"type":"if","locations":[{"start":{"line":40,"column":2},"end":{"line":42,"column":3}},{"start":{},"end":{}}],"line":40}},"s":{"0":3,"1":3,"2":3,"3":3,"4":1,"5":1,"6":1,"7":0,"8":0,"9":3,"10":1,"11":1,"12":1,"13":1,"14":3},"f":{"0":1,"1":1},"b":{"0":[1,0]},"_coverageSchema":"1a1c01bbd47fc00a2c39e90264f33305004495a9","hash":"7a476ab960237738852f1ed12607987202491d48"}
,"C:\\Users\\dhruv\\Desktop\\T07-CS305\\server\\models\\refresh-model.js": {"path":"C:\\Users\\dhruv\\Desktop\\T07-CS305\\server\\models\\refresh-model.js","statementMap":{"0":{"start":{"line":1,"column":17},"end":{"line":1,"column":36}},"1":{"start":{"line":2,"column":15},"end":{"line":2,"column":30}},"2":{"start":{"line":4,"column":22},"end":{"line":12,"column":1}},"3":{"start":{"line":14,"column":0},"end":{"line":14,"column":68}}},"fnMap":{},"branchMap":{},"s":{"0":3,"1":3,"2":3,"3":3},"f":{},"b":{},"_coverageSchema":"1a1c01bbd47fc00a2c39e90264f33305004495a9","hash":"8a34d9028d819c2b413f2dfb3afad91f70063c80"}
,"C:\\Users\\dhruv\\Desktop\\T07-CS305\\server\\models\\summaryModel.js": {"path":"C:\\Users\\dhruv\\Desktop\\T07-CS305\\server\\models\\summaryModel.js","statementMap":{"0":{"start":{"line":1,"column":17},"end":{"line":1,"column":36}},"1":{"start":{"line":3,"column":22},"end":{"line":18,"column":1}},"2":{"start":{"line":20,"column":0},"end":{"line":20,"column":58}}},"fnMap":{},"branchMap":{},"s":{"0":3,"1":3,"2":3},"f":{},"b":{},"_coverageSchema":"1a1c01bbd47fc00a2c39e90264f33305004495a9","hash":"a3de7d19c835b73da8756712556aa1620a3ac969"}
,"C:\\Users\\dhruv\\Desktop\\T07-CS305\\server\\routes\\authRoute.js": {"path":"C:\\Users\\dhruv\\Desktop\\T07-CS305\\server\\routes\\authRoute.js","statementMap":{"0":{"start":{"line":8,"column":4},"end":{"line":8,"column":34}},"1":{"start":{"line":10,"column":16},"end":{"line":10,"column":34}},"2":{"start":{"line":12,"column":15},"end":{"line":12,"column":31}},"3":{"start":{"line":14,"column":0},"end":{"line":14,"column":29}},"4":{"start":{"line":15,"column":0},"end":{"line":15,"column":37}},"5":{"start":{"line":17,"column":0},"end":{"line":17,"column":39}},"6":{"start":{"line":19,"column":0},"end":{"line":19,"column":33}},"7":{"start":{"line":21,"column":0},"end":{"line":21,"column":33}},"8":{"start":{"line":23,"column":0},"end":{"line":23,"column":34}},"9":{"start":{"line":25,"column":0},"end":{"line":25,"column":24}}},"fnMap":{},"branchMap":{},"s":{"0":3,"1":3,"2":3,"3":3,"4":3,"5":3,"6":3,"7":3,"8":3,"9":3},"f":{},"b":{},"_coverageSchema":"1a1c01bbd47fc00a2c39e90264f33305004495a9","hash":"d41833568cc98c6ae73af0d6a466152644100fb1"}
,"C:\\Users\\dhruv\\Desktop\\T07-CS305\\server\\routes\\summaryRoute.js": {"path":"C:\\Users\\dhruv\\Desktop\\T07-CS305\\server\\routes\\summaryRoute.js","statementMap":{"0":{"start":{"line":7,"column":4},"end":{"line":7,"column":37}},"1":{"start":{"line":9,"column":16},"end":{"line":9,"column":34}},"2":{"start":{"line":11,"column":15},"end":{"line":11,"column":31}},"3":{"start":{"line":13,"column":0},"end":{"line":13,"column":48}},"4":{"start":{"line":14,"column":0},"end":{"line":14,"column":43}},"5":{"start":{"line":15,"column":0},"end":{"line":15,"column":43}},"6":{"start":{"line":16,"column":0},"end":{"line":16,"column":41}},"7":{"start":{"line":17,"column":0},"end":{"line":17,"column":35}},"8":{"start":{"line":19,"column":0},"end":{"line":19,"column":24}}},"fnMap":{},"branchMap":{},"s":{"0":3,"1":3,"2":3,"3":3,"4":3,"5":3,"6":3,"7":3,"8":3},"f":{},"b":{},"_coverageSchema":"1a1c01bbd47fc00a2c39e90264f33305004495a9","hash":"25d42e4a0148facf262bd2e3009db9a9070d4bdf"}
,"C:\\Users\\dhruv\\Desktop\\T07-CS305\\server\\services\\token-service.js": {"path":"C:\\Users\\dhruv\\Desktop\\T07-CS305\\server\\services\\token-service.js","statementMap":{"0":{"start":{"line":1,"column":12},"end":{"line":1,"column":35}},"1":{"start":{"line":2,"column":21},"end":{"line":2,"column":55}},"2":{"start":{"line":5,"column":26},"end":{"line":5,"column":61}},"3":{"start":{"line":6,"column":27},"end":{"line":6,"column":63}},"4":{"start":{"line":10,"column":28},"end":{"line":12,"column":10}},"5":{"start":{"line":13,"column":29},"end":{"line":15,"column":10}},"6":{"start":{"line":16,"column":8},"end":{"line":16,"column":45}},"7":{"start":{"line":20,"column":8},"end":{"line":27,"column":9}},"8":{"start":{"line":21,"column":12},"end":{"line":24,"column":15}},"9":{"start":{"line":26,"column":12},"end":{"line":26,"column":37}},"10":{"start":{"line":31,"column":8},"end":{"line":31,"column":52}},"11":{"start":{"line":35,"column":8},"end":{"line":35,"column":60}},"12":{"start":{"line":39,"column":8},"end":{"line":42,"column":11}},"13":{"start":{"line":46,"column":8},"end":{"line":49,"column":10}},"14":{"start":{"line":53,"column":8},"end":{"line":53,"column":69}},"15":{"start":{"line":57,"column":0},"end":{"line":57,"column":36}}},"fnMap":{"0":{"name":"(anonymous_0)","decl":{"start":{"line":9,"column":4},"end":{"line":9,"column":5}},"loc":{"start":{"line":9,"column":28},"end":{"line":17,"column":6}},"line":9},"1":{"name":"(anonymous_1)","decl":{"start":{"line":19,"column":5},"end":{"line":19,"column":6}},"loc":{"start":{"line":19,"column":44},"end":{"line":28,"column":5}},"line":19},"2":{"name":"(anonymous_2)","decl":{"start":{"line":30,"column":4},"end":{"line":30,"column":5}},"loc":{"start":{"line":30,"column":35},"end":{"line":32,"column":5}},"line":30},"3":{"name":"(anonymous_3)","decl":{"start":{"line":34,"column":4},"end":{"line":34,"column":5}},"loc":{"start":{"line":34,"column":43},"end":{"line":36,"column":5}},"line":34},"4":{"name":"(anonymous_4)","decl":{"start":{"line":38,"column":4},"end":{"line":38,"column":5}},"loc":{"start":{"line":38,"column":49},"end":{"line":43,"column":5}},"line":38},"5":{"name":"(anonymous_5)","decl":{"start":{"line":45,"column":4},"end":{"line":45,"column":5}},"loc":{"start":{"line":45,"column":51},"end":{"line":50,"column":5}},"line":45},"6":{"name":"(anonymous_6)","decl":{"start":{"line":52,"column":4},"end":{"line":52,"column":5}},"loc":{"start":{"line":52,"column":36},"end":{"line":54,"column":5}},"line":52}},"branchMap":{},"s":{"0":3,"1":3,"2":3,"3":3,"4":0,"5":0,"6":0,"7":0,"8":0,"9":0,"10":0,"11":0,"12":0,"13":0,"14":0,"15":3},"f":{"0":0,"1":0,"2":0,"3":0,"4":0,"5":0,"6":0},"b":{},"_coverageSchema":"1a1c01bbd47fc00a2c39e90264f33305004495a9","hash":"a8b10a3a1185242abcd877d513c5f6dc1fa6d54b"}
}
