TN:
SF:index.js
FN:23,(anonymous_0)
FN:24,(anonymous_1)
FN:26,(anonymous_2)
FNF:3
FNH:2
FNDA:3,(anonymous_0)
FNDA:3,(anonymous_1)
FNDA:0,(anonymous_2)
DA:1,3
DA:2,3
DA:3,3
DA:4,3
DA:5,3
DA:6,3
DA:8,3
DA:9,3
DA:11,3
DA:12,3
DA:14,3
DA:16,3
DA:18,3
DA:19,3
DA:21,3
DA:23,3
DA:25,3
DA:26,0
DA:27,0
DA:32,3
LF:20
LH:18
BRDA:16,0,0,3
BRDA:16,0,1,3
BRDA:25,1,0,0
BRDA:25,1,1,3
BRF:4
BRH:3
end_of_record
TN:
SF:utils.js
FNF:0
FNH:0
DA:1,3
DA:2,3
DA:4,3
DA:6,3
DA:14,3
LF:5
LH:5
BRF:0
BRH:0
end_of_record
TN:
SF:controllers\auth.js
FN:6,(anonymous_0)
FN:7,(anonymous_1)
FN:32,(anonymous_2)
FN:54,(anonymous_3)
FN:109,(anonymous_4)
FN:161,(anonymous_5)
FN:174,(anonymous_6)
FN:203,(anonymous_7)
FN:208,(anonymous_8)
FNF:9
FNH:5
FNDA:2,(anonymous_0)
FNDA:2,(anonymous_1)
FNDA:0,(anonymous_2)
FNDA:8,(anonymous_3)
FNDA:0,(anonymous_4)
FNDA:5,(anonymous_5)
FNDA:1,(anonymous_6)
FNDA:0,(anonymous_7)
FNDA:0,(anonymous_8)
DA:1,3
DA:2,3
DA:3,3
DA:4,3
DA:6,3
DA:7,2
DA:8,2
DA:9,2
DA:10,12
DA:12,2
DA:14,2
DA:15,2
DA:16,2
DA:17,1
DA:19,1
DA:21,1
DA:22,1
DA:25,1
DA:27,0
DA:28,0
DA:32,3
DA:33,0
DA:34,0
DA:36,0
DA:37,0
DA:38,0
DA:40,0
DA:41,0
DA:46,0
DA:49,0
DA:50,0
DA:54,3
DA:55,8
DA:56,8
DA:57,8
DA:58,6
DA:61,2
DA:63,2
DA:64,2
DA:65,1
DA:71,1
DA:74,1
DA:79,0
DA:84,0
DA:89,0
DA:94,0
DA:102,1
DA:109,3
DA:111,0
DA:114,0
DA:115,0
DA:117,0
DA:120,0
DA:121,0
DA:125,0
DA:126,0
DA:129,0
DA:132,0
DA:133,0
DA:134,0
DA:137,0
DA:142,0
DA:143,0
DA:145,0
DA:148,0
DA:153,0
DA:158,0
DA:161,3
DA:162,5
DA:163,5
DA:165,5
DA:166,3
DA:171,2
DA:172,2
DA:173,2
DA:174,1
DA:175,1
DA:176,1
DA:182,0
DA:189,1
DA:195,0
DA:196,0
DA:203,3
DA:204,0
DA:205,0
DA:209,0
DA:210,0
DA:212,0
DA:213,0
DA:215,0
DA:220,0
DA:221,0
DA:225,3
LF:93
LH:46
BRDA:16,0,0,1
BRDA:16,0,1,1
BRDA:36,1,0,0
BRDA:36,1,1,0
BRDA:36,2,0,0
BRDA:36,2,1,0
BRDA:40,3,0,0
BRDA:40,3,1,0
BRDA:57,4,0,6
BRDA:57,4,1,2
BRDA:57,5,0,8
BRDA:57,5,1,4
BRDA:64,6,0,1
BRDA:64,6,1,1
BRDA:125,7,0,0
BRDA:125,7,1,0
BRDA:133,8,0,0
BRDA:133,8,1,0
BRDA:165,9,0,3
BRDA:165,9,1,2
BRDA:165,10,0,5
BRDA:165,10,1,3
BRDA:173,11,0,1
BRDA:173,11,1,1
BRDA:175,12,0,1
BRDA:175,12,1,0
BRDA:209,13,0,0
BRDA:209,13,1,0
BRF:28
BRH:15
end_of_record
TN:
SF:controllers\summary.js
FN:4,(anonymous_0)
FN:17,(anonymous_1)
FN:32,(anonymous_2)
FN:48,(anonymous_3)
FN:49,(anonymous_4)
FN:64,(anonymous_5)
FN:79,(anonymous_6)
FN:80,(anonymous_7)
FN:95,(anonymous_8)
FN:110,(anonymous_9)
FN:132,(anonymous_10)
FNF:11
FNH:5
FNDA:1,(anonymous_0)
FNDA:0,(anonymous_1)
FNDA:1,(anonymous_2)
FNDA:0,(anonymous_3)
FNDA:0,(anonymous_4)
FNDA:1,(anonymous_5)
FNDA:0,(anonymous_6)
FNDA:0,(anonymous_7)
FNDA:1,(anonymous_8)
FNDA:0,(anonymous_9)
FNDA:1,(anonymous_10)
DA:1,3
DA:2,3
DA:4,3
DA:5,1
DA:6,1
DA:7,1
DA:10,0
DA:12,0
DA:13,0
DA:17,0
DA:20,0
DA:22,0
DA:23,0
DA:24,0
DA:27,1
DA:28,1
DA:32,3
DA:33,1
DA:34,1
DA:35,1
DA:36,0
DA:39,0
DA:41,0
DA:43,0
DA:47,0
DA:48,0
DA:49,0
DA:52,0
DA:54,0
DA:55,0
DA:56,0
DA:59,1
DA:60,1
DA:64,3
DA:65,1
DA:66,1
DA:67,1
DA:70,0
DA:72,0
DA:74,0
DA:78,0
DA:79,0
DA:80,0
DA:83,0
DA:85,0
DA:86,0
DA:87,0
DA:90,1
DA:91,1
DA:95,3
DA:96,1
DA:97,1
DA:98,1
DA:99,0
DA:102,0
DA:104,0
DA:106,0
DA:110,0
DA:112,0
DA:113,0
DA:116,0
DA:119,0
DA:122,0
DA:124,0
DA:127,1
DA:128,1
DA:132,3
DA:133,1
DA:134,1
DA:135,1
DA:136,0
DA:139,0
DA:141,0
DA:143,0
DA:147,0
DA:155,0
DA:158,0
DA:164,0
DA:167,0
DA:169,0
DA:172,1
DA:173,1
DA:177,3
LF:83
LH:33
BRDA:7,0,0,1
BRDA:7,0,1,0
BRDA:12,1,0,0
BRDA:12,1,1,0
BRDA:35,2,0,1
BRDA:35,2,1,0
BRDA:36,3,0,0
BRDA:36,3,1,0
BRDA:41,4,0,0
BRDA:41,4,1,0
BRDA:67,5,0,1
BRDA:67,5,1,0
BRDA:72,6,0,0
BRDA:72,6,1,0
BRDA:98,7,0,1
BRDA:98,7,1,0
BRDA:99,8,0,0
BRDA:99,8,1,0
BRDA:104,9,0,0
BRDA:104,9,1,0
BRDA:112,10,0,0
BRDA:112,10,1,0
BRDA:135,11,0,1
BRDA:135,11,1,0
BRDA:136,12,0,0
BRDA:136,12,1,0
BRDA:141,13,0,0
BRDA:141,13,1,0
BRF:28
BRH:5
end_of_record
TN:
SF:models\UserModel.js
FNF:0
FNH:0
DA:1,3
DA:3,3
DA:31,3
LF:3
LH:3
BRF:0
BRH:0
end_of_record
TN:
SF:models\otpModel.js
FN:22,sendVerificationEmail
FN:37,(anonymous_1)
FNF:2
FNH:2
FNDA:1,sendVerificationEmail
FNDA:1,(anonymous_1)
DA:1,3
DA:2,3
DA:4,3
DA:6,3
DA:23,1
DA:24,1
DA:30,1
DA:32,0
DA:33,0
DA:37,3
DA:38,1
DA:40,1
DA:41,1
DA:43,1
DA:46,3
LF:15
LH:13
BRDA:40,0,0,1
BRDA:40,0,1,0
BRF:2
BRH:1
end_of_record
TN:
SF:models\refresh-model.js
FNF:0
FNH:0
DA:1,3
DA:2,3
DA:4,3
DA:14,3
LF:4
LH:4
BRF:0
BRH:0
end_of_record
TN:
SF:models\summaryModel.js
FNF:0
FNH:0
DA:1,3
DA:3,3
DA:20,3
LF:3
LH:3
BRF:0
BRH:0
end_of_record
TN:
SF:routes\authRoute.js
FNF:0
FNH:0
DA:8,3
DA:10,3
DA:12,3
DA:14,3
DA:15,3
DA:17,3
DA:19,3
DA:21,3
DA:23,3
DA:25,3
LF:10
LH:10
BRF:0
BRH:0
end_of_record
TN:
SF:routes\summaryRoute.js
FNF:0
FNH:0
DA:7,3
DA:9,3
DA:11,3
DA:13,3
DA:14,3
DA:15,3
DA:16,3
DA:17,3
DA:19,3
LF:9
LH:9
BRF:0
BRH:0
end_of_record
TN:
SF:services\token-service.js
FN:9,(anonymous_0)
FN:19,(anonymous_1)
FN:30,(anonymous_2)
FN:34,(anonymous_3)
FN:38,(anonymous_4)
FN:45,(anonymous_5)
FN:52,(anonymous_6)
FNF:7
FNH:0
FNDA:0,(anonymous_0)
FNDA:0,(anonymous_1)
FNDA:0,(anonymous_2)
FNDA:0,(anonymous_3)
FNDA:0,(anonymous_4)
FNDA:0,(anonymous_5)
FNDA:0,(anonymous_6)
DA:1,3
DA:2,3
DA:5,3
DA:6,3
DA:10,0
DA:13,0
DA:16,0
DA:20,0
DA:21,0
DA:26,0
DA:31,0
DA:35,0
DA:39,0
DA:46,0
DA:53,0
DA:57,3
LF:16
LH:5
BRF:0
BRH:0
end_of_record
